
  ___  ____  ____  ____  ____ ®
 /__    /   ____/   /   ____/      StataNow 19.5
___/   /   /___/   /   /___/       SE—Standard Edition

 Statistics and Data Science       Copyright 1985-2025 StataCorp LLC
                                   StataCorp
                                   4905 Lakeway Drive
                                   College Station, Texas 77845 USA
                                   800-782-8272        https://www.stata.com
                                   979-696-4600        service@stata.com

Stata license: Single-user , expiring  8 Mar 2027
Serial number: 401909205246
  Licensed to: Yotam Shem-Tov
               

Notes:
      1. Stata is running in batch mode.
      2. Unicode is supported; see help unicode_advice.
      3. Maximum number of variables is set to 5,000 but can be increased;
          see help set_maxvar.

. do code/estimate_variance_robustness.do 

. clear all

. clear matrix

. set more off

. capture ssc install tuples

. set seed 617238

. 
. * Options
. global outcome = "testscores"

. global covdesign = "`0'"

. global covdesign = regexr("$covdesign", "^[0-9]+","")

. di "Working with covdesign ${covdesign}"
Working with covdesign 

. dis "-------------"
-------------

. 
. global covsadj = "pared_nohs pared_hsorless pared_somecol pared_baormore lag2
> _mathscal lag2_readscal"

. local iter = `1'
invalid syntax
r(198);

end of do-file
r(198);
