
  ___  ____  ____  ____  ____ ®
 /__    /   ____/   /   ____/      StataNow 19.5
___/   /   /___/   /   /___/       SE—Standard Edition

 Statistics and Data Science       Copyright 1985-2025 StataCorp LLC
                                   StataCorp
                                   4905 Lakeway Drive
                                   College Station, Texas 77845 USA
                                   800-782-8272        https://www.stata.com
                                   979-696-4600        service@stata.com

Stata license: Single-user , expiring  8 Mar 2027
Serial number: 401909205246
  Licensed to: Yotam Shem-Tov
               

Notes:
      1. Stata is running in batch mode.
      2. Unicode is supported; see help unicode_advice.
      3. Maximum number of variables is set to 5,000 but can be increased;
          see help set_maxvar.

. do code/set_options.do
global outcome "aoc_crim"
global covsadj "pared_nohs p
> ared_hsorless pared_somecol pared_baormore lag2_mathscal lag2_readscal"
reg a
> oc_crim ${covsadj}
predict all_aoc_crim_idx, xb
su all_aoc_crim_idx 
option xb
su not allowed
r(198);
