
  ___  ____  ____  ____  ____ ®
 /__    /   ____/   /   ____/      StataNow 19.5
___/   /   /___/   /   /___/       SE—Standard Edition

 Statistics and Data Science       Copyright 1985-2025 StataCorp LLC
                                   StataCorp
                                   4905 Lakeway Drive
                                   College Station, Texas 77845 USA
                                   800-782-8272        https://www.stata.com
                                   979-696-4600        service@stata.com

Stata license: Single-user , expiring  8 Mar 2027
Serial number: 401909205246
  Licensed to: Yotam Shem-Tov
               

Notes:
      1. Stata is running in batch mode.
      2. Unicode is supported; see help unicode_advice.
      3. Maximum number of variables is set to 5,000 but can be increased;
          see help set_maxvar.

. do code/teacher_chars.do 

. clear all

. clear matrix

. set more off

. 
. * Load the residuals
. use temp/teach_mean_resids_long.dta, replace

. 
. * Merge on the teacher Xs
. merge m:1 teachid year using data/teacher_covars.dta, nogen keep(3)
file data/teacher_covars.dta not found
r(601);

end of do-file
r(601);
